Mplus VERSION 8.2 (Linux)
MUTHEN & MUTHEN
01/13/2022  12:37 PM

INPUT INSTRUCTIONS

  TITLE: Two Factor Model 8: pAG
  DATA: FILE is tidy_roi_data.dat;
  VARIABLE:
    NAMES are subject pHipp PREC PCC MPFC PHC RSC aAG pAG SceCorr ColCorr EmoCorr;
    USEVARIABLES are subject pHipp PREC PCC MPFC PHC RSC aAG pAG SceCorr ColCorr EmoCorr;
    CATEGORICAL = SceCorr ColCorr EmoCorr;
    CLUSTER = subject;
  ANALYSIS:
  TYPE = TWOLEVEL;
  ESTIMATOR = WLSMV;
  MODEL:
  %WITHIN%
  vPMN BY RSC PHC pAG;
  dPMN BY MPFC pHIPP PREC PCC aAG;
  MemQ BY SceCorr (1)
  ColCorr (2)
  EmoCorr (3);
  MemQ ON vPMN dPMN
  pAG (upAG);
  %BETWEEN%
  pHipp-EmoCorr;
  MemQb BY SceCorr (1)
  ColCorr (2)
  EmoCorr (3);
  pHipp WITH PREC-pAG;
  PREC WITH PCC-pAG;
  PCC WITH MPFC-pAG;
  MPFC WITH PHC-pAG;
  PHC WITH RSC-pAG;
  RSC WITH aAG pAG;
  aAG WITH pAG;
  MemQb WITH pHIPP-pAG;
  model test:
  upAG = 0;
  Output: stdyx



INPUT READING TERMINATED NORMALLY



Two Factor Model 8: pAG

SUMMARY OF ANALYSIS

Number of groups                                                 1
Number of observations                                        3888

Number of dependent variables                                   11
Number of independent variables                                  0
Number of continuous latent variables                            4

Observed dependent variables

  Continuous
   PHIPP       PREC        PCC         MPFC        PHC         RSC
   AAG         PAG

  Binary and ordered categorical (ordinal)
   SCECORR     COLCORR     EMOCORR

Continuous latent variables
   VPMN        DPMN        MEMQ        MEMQB

Variables with special functions

  Cluster variable      SUBJECT

Estimator                                                    WLSMV
Optimization Specifications for the Quasi-Newton Algorithm for
Continuous Outcomes
  Maximum number of iterations                                1000
  Convergence criterion                                  0.100D-05
Optimization Specifications for the EM Algorithm
  Maximum number of iterations                                 500
  Convergence criteria
    Loglikelihood change                                 0.100D-02
    Relative loglikelihood change                        0.100D-05
    Derivative                                           0.100D-02
Optimization Specifications for the M step of the EM Algorithm for
Categorical Latent variables
  Number of M step iterations                                    1
  M step convergence criterion                           0.100D-02
  Basis for M step termination                           ITERATION
Optimization Specifications for the M step of the EM Algorithm for
Censored, Binary or Ordered Categorical (Ordinal), Unordered
Categorical (Nominal) and Count Outcomes
  Number of M step iterations                                    1
  M step convergence criterion                           0.100D-02
  Basis for M step termination                           ITERATION
  Maximum value for logit thresholds                            10
  Minimum value for logit thresholds                           -10
  Minimum expected cell size for chi-square              0.100D-01
Optimization algorithm                                      EMA/FS
Integration Specifications
  Type                                                    STANDARD
  Number of integration points                                   7
  Dimensions of numerical integration                            0
  Adaptive quadrature                                           ON
Link                                                        PROBIT
Cholesky                                                        ON

Input data file(s)
  tidy_roi_data.dat
Input data format  FREE


SUMMARY OF DATA

     Number of clusters                         28

     Average cluster size      138.857

     Estimated Intraclass Correlations for the Y Variables

                Intraclass              Intraclass              Intraclass
     Variable  Correlation   Variable  Correlation   Variable  Correlation

     SCECORR      0.205      COLCORR      0.135      EMOCORR      0.118
     PHIPP        0.022      PREC         0.123      PCC          0.142
     MPFC         0.036      PHC          0.155      RSC          0.138
     AAG          0.184      PAG          0.138



UNIVARIATE PROPORTIONS AND COUNTS FOR CATEGORICAL VARIABLES

    SCECORR
      Category 1    0.325         1262.000
      Category 2    0.675         2626.000
    COLCORR
      Category 1    0.276         1075.000
      Category 2    0.724         2813.000
    EMOCORR
      Category 1    0.242          942.000
      Category 2    0.758         2946.000



UNIVARIATE SAMPLE STATISTICS


     UNIVARIATE HIGHER-ORDER MOMENT DESCRIPTIVE STATISTICS

         Variable/         Mean/     Skewness/   Minimum/ % with                Percentiles
        Sample Size      Variance    Kurtosis    Maximum  Min/Max      20%/60%    40%/80%    Median

     PHIPP                 0.077       0.050      -0.614    0.03%      -0.048      0.041      0.078
            3888.000       0.024       1.110       1.182    0.03%       0.116      0.205
     PREC                  0.116       0.106      -0.923    0.03%      -0.061      0.060      0.111
            3888.000       0.046       0.461       0.971    0.03%       0.160      0.286
     PCC                   0.144       0.266      -0.614    0.03%      -0.037      0.080      0.134
            3888.000       0.048       0.298       1.044    0.03%       0.186      0.321
     MPFC                  0.135       0.079      -1.176    0.03%      -0.087      0.066      0.127
            3888.000       0.078       0.576       1.308    0.03%       0.193      0.361
     PHC                  -0.028      -0.225      -0.763    0.03%      -0.172     -0.065     -0.022
            3888.000       0.033       0.661       1.048    0.03%       0.023      0.121
     RSC                   0.049       0.067      -0.567    0.03%      -0.088      0.008      0.047
            3888.000       0.029       0.510       0.808    0.03%       0.088      0.186
     AAG                   0.188       0.072      -1.346    0.03%      -0.090      0.100      0.182
            3888.000       0.124       0.548       1.648    0.03%       0.264      0.465
     PAG                  -0.007      -0.151      -1.292    0.03%      -0.263     -0.075     -0.002
            3888.000       0.099       0.328       1.232    0.03%       0.075      0.256


THE MODEL ESTIMATION TERMINATED NORMALLY



MODEL FIT INFORMATION

Number of Free Parameters                       82

Chi-Square Test of Model Fit

          Value                            545.002*
          Degrees of Freedom                    58
          P-Value                           0.0000

*   The chi-square value for MLM, MLMV, MLR, ULSMV, WLSM and WLSMV cannot be used
    for chi-square difference testing in the regular way.  MLM, MLR and WLSM
    chi-square difference testing is described on the Mplus website.  MLMV, WLSMV,
    and ULSMV difference testing is done using the DIFFTEST option.

Wald Test of Parameter Constraints

          Value                              1.743
          Degrees of Freedom                     1
          P-Value                           0.1867

RMSEA (Root Mean Square Error Of Approximation)

          Estimate                           0.046

CFI/TLI

          CFI                                0.974
          TLI                                0.950

Chi-Square Test of Model Fit for the Baseline Model

          Value                          18597.614
          Degrees of Freedom                   110
          P-Value                           0.0000

SRMR (Standardized Root Mean Square Residual)

          Value for Within                   0.034
          Value for Between                  0.043



MODEL RESULTS

                                                    Two-Tailed
                    Estimate       S.E.  Est./S.E.    P-Value

Within Level

 VPMN     BY
    RSC                1.000      0.000    999.000    999.000
    PHC                0.959      0.015     65.865      0.000
    PAG                1.810      0.034     53.918      0.000

 DPMN     BY
    MPFC               1.000      0.000    999.000    999.000
    PHIPP              0.477      0.008     59.152      0.000
    PREC               0.924      0.015     62.946      0.000
    PCC                0.981      0.015     64.291      0.000
    AAG                1.604      0.026     62.920      0.000

 MEMQ     BY
    SCECORR            1.000      0.000    999.000    999.000
    COLCORR            0.521      0.135      3.871      0.000
    EMOCORR            0.520      0.102      5.087      0.000

 MEMQ       ON
    VPMN               3.394      1.066      3.183      0.001
    DPMN              -0.607      0.462     -1.315      0.189

 MEMQ       ON
    PAG               -0.214      0.162     -1.320      0.187

 DPMN     WITH
    VPMN               0.009      0.000     40.404      0.000

 Variances
    VPMN               0.010      0.000     43.049      0.000
    DPMN               0.020      0.001     38.749      0.000

 Residual Variances
    PHIPP              0.019      0.000     83.750      0.000
    PREC               0.024      0.000     60.786      0.000
    PCC                0.022      0.000    108.237      0.000
    MPFC               0.055      0.001     94.633      0.000
    PHC                0.019      0.000     67.180      0.000
    RSC                0.015      0.000     72.502      0.000
    AAG                0.050      0.001     89.222      0.000
    PAG                0.054      0.001    100.476      0.000
    MEMQ               0.939      0.320      2.938      0.003

Between Level

 MEMQB    BY
    SCECORR            1.000      0.000    999.000    999.000
    COLCORR            0.521      0.135      3.871      0.000
    EMOCORR            0.520      0.102      5.087      0.000

 MEMQB    WITH
    PHIPP              0.007      0.004      1.716      0.086
    PREC               0.030      0.013      2.242      0.025
    PCC                0.017      0.011      1.475      0.140
    MPFC              -0.004      0.007     -0.625      0.532
    PHC                0.019      0.009      2.129      0.033
    RSC                0.034      0.010      3.567      0.000
    AAG                0.011      0.018      0.617      0.537
    PAG                0.009      0.012      0.743      0.457

 PHIPP    WITH
    PREC               0.001      0.000      2.174      0.030
    PCC                0.001      0.000      1.617      0.106
    MPFC               0.000      0.000      0.202      0.840
    PHC                0.000      0.000      0.021      0.983
    RSC                0.001      0.000      1.216      0.224
    AAG                0.001      0.001      1.596      0.111
    PAG               -0.001      0.001     -0.818      0.413

 PREC     WITH
    PCC                0.002      0.001      1.208      0.227
    MPFC               0.001      0.001      0.733      0.463
    PHC                0.002      0.001      1.745      0.081
    RSC                0.002      0.001      2.525      0.012
    AAG               -0.001      0.001     -0.727      0.467
    PAG               -0.001      0.002     -0.401      0.688

 PCC      WITH
    MPFC               0.001      0.001      1.305      0.192
    PHC                0.000      0.001     -0.051      0.959
    RSC                0.002      0.001      2.198      0.028
    AAG                0.001      0.002      0.763      0.445
    PAG               -0.002      0.002     -0.789      0.430

 MPFC     WITH
    PHC               -0.001      0.001     -1.734      0.083
    RSC                0.000      0.001      0.046      0.964
    AAG                0.001      0.001      1.000      0.317
    PAG               -0.001      0.001     -0.913      0.361

 PHC      WITH
    RSC                0.000      0.001      0.029      0.977
    AAG               -0.006      0.003     -2.255      0.024
    PAG                0.001      0.001      1.231      0.218

 RSC      WITH
    AAG                0.003      0.002      1.457      0.145
    PAG               -0.001      0.001     -0.483      0.629

 AAG      WITH
    PAG                0.003      0.002      1.043      0.297

 Means
    PHIPP              0.077      0.005     14.881      0.000
    PREC               0.113      0.016      7.080      0.000
    PCC                0.143      0.023      6.252      0.000
    MPFC               0.134      0.012     11.118      0.000
    PHC               -0.029      0.019     -1.544      0.123
    RSC                0.048      0.014      3.522      0.000
    AAG                0.189      0.030      6.246      0.000
    PAG               -0.008      0.029     -0.288      0.773

 Thresholds
    SCECORR$1         -0.713      0.135     -5.275      0.000
    COLCORR$1         -0.714      0.095     -7.515      0.000
    EMOCORR$1         -0.832      0.097     -8.553      0.000

 Variances
    PHIPP              0.001      0.000      2.174      0.030
    PREC               0.006      0.002      3.212      0.001
    PCC                0.007      0.002      3.127      0.002
    MPFC               0.003      0.001      3.197      0.001
    PHC                0.005      0.001      4.177      0.000
    RSC                0.004      0.001      4.956      0.000
    AAG                0.023      0.008      2.836      0.005
    PAG                0.014      0.004      3.566      0.000
    MEMQB              0.480      0.278      1.726      0.084

 Residual Variances
    SCECORR            0.036      0.136      0.267      0.789
    COLCORR            0.068      0.068      0.996      0.319
    EMOCORR            0.041      0.057      0.728      0.467


STANDARDIZED MODEL RESULTS


STDYX Standardization

                                                    Two-Tailed
                    Estimate       S.E.  Est./S.E.    P-Value

Within Level

 VPMN     BY
    RSC                0.626      0.006     97.755      0.000
    PHC                0.567      0.008     68.615      0.000
    PAG                0.609      0.007     92.721      0.000

 DPMN     BY
    MPFC               0.516      0.006     87.657      0.000
    PHIPP              0.437      0.008     58.120      0.000
    PREC               0.647      0.007     97.246      0.000
    PCC                0.685      0.004    155.820      0.000
    AAG                0.711      0.005    151.234      0.000

 MEMQ     BY
    SCECORR            0.708      0.058     12.185      0.000
    COLCORR            0.463      0.043     10.710      0.000
    EMOCORR            0.462      0.030     15.619      0.000

 MEMQ       ON
    VPMN               0.334      0.108      3.094      0.002
    DPMN              -0.086      0.066     -1.303      0.193

 MEMQ       ON
    PAG               -0.063      0.051     -1.233      0.218

 DPMN     WITH
    VPMN               0.634      0.008     81.679      0.000

 Variances
    VPMN               1.000      0.000    999.000    999.000
    DPMN               1.000      0.000    999.000    999.000

 Residual Variances
    PHIPP              0.809      0.007    122.831      0.000
    PREC               0.581      0.009     67.513      0.000
    PCC                0.531      0.006     88.091      0.000
    MPFC               0.734      0.006    120.990      0.000
    PHC                0.679      0.009     72.538      0.000
    RSC                0.608      0.008     75.759      0.000
    AAG                0.494      0.007     73.921      0.000
    PAG                0.630      0.008     78.808      0.000
    MEMQ               0.935      0.031     30.367      0.000

Between Level

 MEMQB    BY
    SCECORR            0.964      0.128      7.561      0.000
    COLCORR            0.811      0.155      5.242      0.000
    EMOCORR            0.871      0.161      5.407      0.000

 MEMQB    WITH
    PHIPP              0.460      0.193      2.383      0.017
    PREC               0.570      0.131      4.347      0.000
    PCC                0.297      0.166      1.784      0.074
    MPFC              -0.114      0.190     -0.600      0.549
    PHC                0.375      0.163      2.307      0.021
    RSC                0.784      0.171      4.579      0.000
    AAG                0.106      0.163      0.650      0.516
    PAG                0.110      0.137      0.801      0.423

 PHIPP    WITH
    PREC               0.542      0.170      3.196      0.001
    PCC                0.385      0.165      2.335      0.020
    MPFC               0.032      0.154      0.205      0.838
    PHC                0.005      0.229      0.021      0.983
    RSC                0.392      0.293      1.339      0.181
    AAG                0.394      0.195      2.024      0.043
    PAG               -0.247      0.295     -0.836      0.403

 PREC     WITH
    PCC                0.271      0.203      1.335      0.182
    MPFC               0.142      0.186      0.763      0.445
    PHC                0.412      0.194      2.124      0.034
    RSC                0.505      0.130      3.876      0.000
    AAG               -0.092      0.127     -0.726      0.468
    PAG               -0.092      0.226     -0.405      0.685

 PCC      WITH
    MPFC               0.232      0.152      1.522      0.128
    PHC               -0.009      0.170     -0.051      0.959
    RSC                0.433      0.149      2.909      0.004
    AAG                0.107      0.132      0.810      0.418
    PAG               -0.194      0.241     -0.805      0.421

 MPFC     WITH
    PHC               -0.318      0.163     -1.953      0.051
    RSC                0.010      0.230      0.046      0.964
    AAG                0.145      0.135      1.079      0.281
    PAG               -0.206      0.215     -0.957      0.339

 PHC      WITH
    RSC                0.005      0.166      0.029      0.977
    AAG               -0.548      0.143     -3.826      0.000
    PAG                0.135      0.096      1.414      0.157

 RSC      WITH
    AAG                0.272      0.164      1.659      0.097
    PAG               -0.081      0.167     -0.484      0.629

 AAG      WITH
    PAG                0.143      0.125      1.143      0.253

 Means
    PHIPP              3.358      0.781      4.300      0.000
    PREC               1.501      0.263      5.717      0.000
    PCC                1.735      0.277      6.252      0.000
    MPFC               2.544      0.420      6.060      0.000
    PHC               -0.409      0.243     -1.685      0.092
    RSC                0.758      0.196      3.873      0.000
    AAG                1.251      0.259      4.832      0.000
    PAG               -0.070      0.238     -0.295      0.768

 Thresholds
    SCECORR$1         -0.503      0.107     -4.708      0.000
    COLCORR$1         -0.633      0.077     -8.167      0.000
    EMOCORR$1         -0.738      0.091     -8.143      0.000

 Variances
    PHIPP              1.000      0.000    999.000    999.000
    PREC               1.000      0.000    999.000    999.000
    PCC                1.000      0.000    999.000    999.000
    MPFC               1.000      0.000    999.000    999.000
    PHC                1.000      0.000    999.000    999.000
    RSC                1.000      0.000    999.000    999.000
    AAG                1.000      0.000    999.000    999.000
    PAG                1.000      0.000    999.000    999.000
    MEMQB              1.000      0.000    999.000    999.000

 Residual Variances
    SCECORR            0.070      0.246      0.286      0.775
    COLCORR            0.341      0.251      1.359      0.174
    EMOCORR            0.241      0.281      0.860      0.390


R-SQUARE

Within Level

    Observed                                        Two-Tailed     Scale
    Variable        Estimate       S.E.  Est./S.E.    P-Value     Factors

    SCECORR            0.501      0.082      6.092      0.000      0.706
    COLCORR            0.214      0.040      5.355      0.000      0.886
    EMOCORR            0.213      0.027      7.810      0.000      0.887
    PHIPP              0.191      0.007     29.060      0.000      0.000
    PREC               0.419      0.009     48.623      0.000      0.000
    PCC                0.469      0.006     77.910      0.000      0.000
    MPFC               0.266      0.006     43.829      0.000      0.000
    PHC                0.321      0.009     34.308      0.000      0.000
    RSC                0.392      0.008     48.878      0.000      0.000
    AAG                0.506      0.007     75.617      0.000      0.000
    PAG                0.370      0.008     46.360      0.000      0.000

     Latent                                         Two-Tailed
    Variable        Estimate       S.E.  Est./S.E.    P-Value

    MEMQ               0.065      0.031      2.113      0.035

Between Level

    Observed                                        Two-Tailed
    Variable        Estimate       S.E.  Est./S.E.    P-Value

    SCECORR            0.930      0.246      3.780      0.000
    COLCORR            0.659      0.251      2.621      0.009
    EMOCORR            0.759      0.281      2.704      0.007


QUALITY OF NUMERICAL RESULTS

     Condition Number for the Information Matrix              0.103E-07
       (ratio of smallest to largest eigenvalue)


     Beginning Time:  12:37:08
        Ending Time:  12:38:18
       Elapsed Time:  00:01:10



MUTHEN & MUTHEN
3463 Stoner Ave.
Los Angeles, CA  90066

Tel: (310) 391-9971
Fax: (310) 391-8971
Web: www.StatModel.com
Support: Support@StatModel.com

Copyright (c) 1998-2018 Muthen & Muthen
