Mplus VERSION 8.2 (Linux)
MUTHEN & MUTHEN
01/13/2022  12:38 PM

INPUT INSTRUCTIONS

  TITLE: Null Model -- is multilevel modeling necessary?
  DATA: FILE is tidy_roi_data.dat;
  VARIABLE:
    NAMES are subject pHipp PREC PCC MPFC PHC RSC aAG pAG SceCorr ColCorr EmoCorr;
    USEVARIABLES are subject pHipp PREC PCC MPFC PHC RSC aAG pAG;
    CLUSTER = subject;
  ANALYSIS:
  TYPE = TWOLEVEL;
  ESTIMATOR = MLR;
  MODEL:
  %WITHIN%
  pHipp-pAG;
  pHipp WITH pHipp-pAG;
  PREC WITH pHipp-pAG;
  PCC WITH pHipp-pAG;
  MPFC WITH pHipp-pAG;
  PHC WITH pHipp-pAG;
  RSC WITH pHipp-pAG;
  aAG WITH pHipp-pAG;
  pAG WITH pHipp-pAG;
  %BETWEEN%
  pHipp-pAG@0
  Output:
  TECH1;



INPUT READING TERMINATED NORMALLY



Null Model -- is multilevel modeling necessary?

SUMMARY OF ANALYSIS

Number of groups                                                 1
Number of observations                                        3888

Number of dependent variables                                    8
Number of independent variables                                  0
Number of continuous latent variables                            0

Observed dependent variables

  Continuous
   PHIPP       PREC        PCC         MPFC        PHC         RSC
   AAG         PAG

Variables with special functions

  Cluster variable      SUBJECT

Estimator                                                      MLR
Information matrix                                        OBSERVED
Maximum number of iterations                                   100
Convergence criterion                                    0.100D-05
Maximum number of EM iterations                                500
Convergence criteria for the EM algorithm
  Loglikelihood change                                   0.100D-02
  Relative loglikelihood change                          0.100D-05
  Derivative                                             0.100D-03
Minimum variance                                         0.100D-03
Maximum number of steepest descent iterations                   20
Maximum number of iterations for H1                           2000
Convergence criterion for H1                             0.100D-03
Optimization algorithm                                         EMA

Input data file(s)
  tidy_roi_data.dat
Input data format  FREE


SUMMARY OF DATA

     Number of clusters                         28

     Average cluster size      138.857

     Estimated Intraclass Correlations for the Y Variables

                Intraclass              Intraclass              Intraclass
     Variable  Correlation   Variable  Correlation   Variable  Correlation

     PHIPP        0.021      PREC         0.123      PCC          0.142
     MPFC         0.035      PHC          0.155      RSC          0.138
     AAG          0.184      PAG          0.138




UNIVARIATE SAMPLE STATISTICS


     UNIVARIATE HIGHER-ORDER MOMENT DESCRIPTIVE STATISTICS

         Variable/         Mean/     Skewness/   Minimum/ % with                Percentiles
        Sample Size      Variance    Kurtosis    Maximum  Min/Max      20%/60%    40%/80%    Median

     PHIPP                 0.077       0.050      -0.614    0.03%      -0.048      0.041      0.078
            3888.000       0.024       1.110       1.182    0.03%       0.116      0.205
     PREC                  0.116       0.106      -0.923    0.03%      -0.061      0.060      0.111
            3888.000       0.046       0.461       0.971    0.03%       0.160      0.286
     PCC                   0.144       0.266      -0.614    0.03%      -0.037      0.080      0.134
            3888.000       0.048       0.298       1.044    0.03%       0.186      0.321
     MPFC                  0.135       0.079      -1.176    0.03%      -0.087      0.066      0.127
            3888.000       0.078       0.576       1.308    0.03%       0.193      0.361
     PHC                  -0.028      -0.225      -0.763    0.03%      -0.172     -0.065     -0.022
            3888.000       0.033       0.661       1.048    0.03%       0.023      0.121
     RSC                   0.049       0.067      -0.567    0.03%      -0.088      0.008      0.047
            3888.000       0.029       0.510       0.808    0.03%       0.088      0.186
     AAG                   0.188       0.072      -1.346    0.03%      -0.090      0.100      0.182
            3888.000       0.124       0.548       1.648    0.03%       0.264      0.465
     PAG                  -0.007      -0.151      -1.292    0.03%      -0.263     -0.075     -0.002
            3888.000       0.099       0.328       1.232    0.03%       0.075      0.256

     THE STANDARD ERRORS OF THE MODEL PARAMETER ESTIMATES MAY NOT BE
     TRUSTWORTHY FOR SOME PARAMETERS DUE TO A NON-POSITIVE DEFINITE
     FIRST-ORDER DERIVATIVE PRODUCT MATRIX.  THIS MAY BE DUE TO THE STARTING
     VALUES BUT MAY ALSO BE AN INDICATION OF MODEL NONIDENTIFICATION.  THE
     CONDITION NUMBER IS      -0.116D-15.  PROBLEM INVOLVING THE FOLLOWING PARAMETER:
     Parameter 28, %WITHIN%: AAG

     THE NONIDENTIFICATION IS MOST LIKELY DUE TO HAVING MORE PARAMETERS THAN THE
     NUMBER OF CLUSTERS. REDUCE THE NUMBER OF PARAMETERS.


THE MODEL ESTIMATION TERMINATED NORMALLY



MODEL FIT INFORMATION

Number of Free Parameters                       44

Loglikelihood

          H0 Value                        5292.376
          H0 Scaling Correction Factor      7.6615
            for MLR
          H1 Value                        6768.165

Information Criteria

          Akaike (AIC)                  -10496.752
          Bayesian (BIC)                -10221.064
          Sample-Size Adjusted BIC      -10360.875
            (n* = (n + 2) / 24)

Chi-Square Test of Model Fit

          Value                           2951.578*
          Degrees of Freedom                    36
          P-Value                           0.0000
          Scaling Correction Factor      Undefined
            for MLR

*   The chi-square value for MLM, MLMV, MLR, ULSMV, WLSM and WLSMV cannot be used
    for chi-square difference testing in the regular way.  MLM, MLR and WLSM
    chi-square difference testing is described on the Mplus website.  MLMV, WLSMV,
    and ULSMV difference testing is done using the DIFFTEST option.

RMSEA (Root Mean Square Error Of Approximation)

          Estimate                           0.144

CFI/TLI

          CFI                                0.000
          TLI                               -0.585

Chi-Square Test of Model Fit for the Baseline Model

          Value                           2917.195
          Degrees of Freedom                    56
          P-Value                           0.0000

SRMR (Standardized Root Mean Square Residual)

          Value for Within                   0.047
          Value for Between                  0.352



MODEL RESULTS

                                                    Two-Tailed
                    Estimate       S.E.  Est./S.E.    P-Value

Within Level

 PHIPP    WITH
    PREC               0.009      0.001      6.864      0.000
    PCC                0.010      0.001      8.767      0.000
    MPFC               0.013      0.002      8.124      0.000
    PHC                0.005      0.001      6.778      0.000
    RSC                0.005      0.001      5.689      0.000
    AAG                0.015      0.002      8.715      0.000
    PAG                0.007      0.002      4.181      0.000

 PREC     WITH
    PCC                0.019      0.002      8.299      0.000
    MPFC               0.017      0.002      7.481      0.000
    PHC                0.009      0.001      6.346      0.000
    RSC                0.011      0.002      6.002      0.000
    AAG                0.028      0.004      7.878      0.000
    PAG                0.018      0.002      7.162      0.000

 PCC      WITH
    MPFC               0.025      0.003      9.664      0.000
    PHC                0.007      0.001      5.473      0.000
    RSC                0.010      0.002      5.826      0.000
    AAG                0.033      0.003      9.940      0.000
    PAG                0.014      0.003      5.038      0.000

 MPFC     WITH
    PHC                0.006      0.001      3.842      0.000
    RSC                0.008      0.002      4.901      0.000
    AAG                0.034      0.004      9.195      0.000
    PAG                0.006      0.003      2.177      0.030

 PHC      WITH
    RSC                0.010      0.001     10.133      0.000
    AAG                0.010      0.002      4.687      0.000
    PAG                0.019      0.003      7.170      0.000

 RSC      WITH
    AAG                0.017      0.003      5.571      0.000
    PAG                0.017      0.002      9.501      0.000

 AAG      WITH
    PAG                0.032      0.005      6.976      0.000

 Variances
    PHIPP              0.024      0.001     18.917      0.000
    PREC               0.044      0.004     12.110      0.000
    PCC                0.044      0.004     12.703      0.000
    MPFC               0.077      0.005     15.063      0.000
    PHC                0.030      0.002     13.069      0.000
    RSC                0.026      0.002     12.661      0.000
    AAG                0.118      0.009     12.899      0.000
    PAG                0.096      0.007     14.161      0.000

Between Level

 Means
    PHIPP              0.077      0.005     15.438      0.000
    PREC               0.115      0.015      7.811      0.000
    PCC                0.144      0.016      9.015      0.000
    MPFC               0.135      0.011     12.722      0.000
    PHC               -0.028      0.013     -2.119      0.034
    RSC                0.049      0.012      3.974      0.000
    AAG                0.188      0.028      6.639      0.000
    PAG               -0.007      0.022     -0.302      0.763

 Variances
    PHIPP              0.000      0.000    999.000    999.000
    PREC               0.000      0.000    999.000    999.000
    PCC                0.000      0.000    999.000    999.000
    MPFC               0.000      0.000    999.000    999.000
    PHC                0.000      0.000    999.000    999.000
    RSC                0.000      0.000    999.000    999.000
    AAG                0.000      0.000    999.000    999.000
    PAG                0.000      0.000    999.000    999.000


QUALITY OF NUMERICAL RESULTS

     Condition Number for the Information Matrix             -0.116E-15
       (ratio of smallest to largest eigenvalue)


TECHNICAL 1 OUTPUT


     PARAMETER SPECIFICATION FOR WITHIN


           NU
              PHIPP         PREC          PCC           MPFC          PHC
              ________      ________      ________      ________      ________
                    0             0             0             0             0


           NU
              RSC           AAG           PAG
              ________      ________      ________
                    0             0             0


           THETA
              PHIPP         PREC          PCC           MPFC          PHC
              ________      ________      ________      ________      ________
 PHIPP              1
 PREC               2             3
 PCC                4             5             6
 MPFC               7             8             9            10
 PHC               11            12            13            14            15
 RSC               16            17            18            19            20
 AAG               22            23            24            25            26
 PAG               29            30            31            32            33


           THETA
              RSC           AAG           PAG
              ________      ________      ________
 RSC               21
 AAG               27            28
 PAG               34            35            36


     PARAMETER SPECIFICATION FOR BETWEEN


           NU
              PHIPP         PREC          PCC           MPFC          PHC
              ________      ________      ________      ________      ________
                   37            38            39            40            41


           NU
              RSC           AAG           PAG
              ________      ________      ________
                   42            43            44


           THETA
              PHIPP         PREC          PCC           MPFC          PHC
              ________      ________      ________      ________      ________
 PHIPP              0
 PREC               0             0
 PCC                0             0             0
 MPFC               0             0             0             0
 PHC                0             0             0             0             0
 RSC                0             0             0             0             0
 AAG                0             0             0             0             0
 PAG                0             0             0             0             0


           THETA
              RSC           AAG           PAG
              ________      ________      ________
 RSC                0
 AAG                0             0
 PAG                0             0             0


     STARTING VALUES FOR WITHIN


           NU
              PHIPP         PREC          PCC           MPFC          PHC
              ________      ________      ________      ________      ________
                0.000         0.000         0.000         0.000         0.000


           NU
              RSC           AAG           PAG
              ________      ________      ________
                0.000         0.000         0.000


           THETA
              PHIPP         PREC          PCC           MPFC          PHC
              ________      ________      ________      ________      ________
 PHIPP          0.012
 PREC           0.000         0.023
 PCC            0.000         0.000         0.024
 MPFC           0.000         0.000         0.000         0.039
 PHC            0.000         0.000         0.000         0.000         0.016
 RSC            0.000         0.000         0.000         0.000         0.000
 AAG            0.000         0.000         0.000         0.000         0.000
 PAG            0.000         0.000         0.000         0.000         0.000


           THETA
              RSC           AAG           PAG
              ________      ________      ________
 RSC            0.014
 AAG            0.000         0.062
 PAG            0.000         0.000         0.050


     STARTING VALUES FOR BETWEEN


           NU
              PHIPP         PREC          PCC           MPFC          PHC
              ________      ________      ________      ________      ________
                0.077         0.116         0.144         0.135        -0.028


           NU
              RSC           AAG           PAG
              ________      ________      ________
                0.049         0.188        -0.007


           THETA
              PHIPP         PREC          PCC           MPFC          PHC
              ________      ________      ________      ________      ________
 PHIPP          0.000
 PREC           0.000         0.000
 PCC            0.000         0.000         0.000
 MPFC           0.000         0.000         0.000         0.000
 PHC            0.000         0.000         0.000         0.000         0.000
 RSC            0.000         0.000         0.000         0.000         0.000
 AAG            0.000         0.000         0.000         0.000         0.000
 PAG            0.000         0.000         0.000         0.000         0.000


           THETA
              RSC           AAG           PAG
              ________      ________      ________
 RSC            0.000
 AAG            0.000         0.000
 PAG            0.000         0.000         0.000


     Beginning Time:  12:38:50
        Ending Time:  12:38:50
       Elapsed Time:  00:00:00



MUTHEN & MUTHEN
3463 Stoner Ave.
Los Angeles, CA  90066

Tel: (310) 391-9971
Fax: (310) 391-8971
Web: www.StatModel.com
Support: Support@StatModel.com

Copyright (c) 1998-2018 Muthen & Muthen
