Mplus VERSION 8.2 (Linux)
MUTHEN & MUTHEN
01/13/2022  12:38 PM

INPUT INSTRUCTIONS

  TITLE: Null Model -- is multilevel modeling necessary?
  DATA: FILE is tidy_roi_data.dat;
  VARIABLE:
    NAMES are subject pHipp PREC PCC MPFC PHC RSC aAG pAG SceCorr ColCorr EmoCorr;
    USEVARIABLES are subject SceCorr ColCorr EmoCorr;
    CATEGORICAL = SceCorr ColCorr EmoCorr;
    CLUSTER = subject;
  ANALYSIS:
  TYPE = TWOLEVEL;
  ESTIMATOR = WLSMV;
  MODEL:
  %WITHIN%
  SceCorr WITH SceCorr-EmoCorr;
  ColCorr WITH SceCorr-EmoCorr;
  EmoCorr WITH SceCorr-EmoCorr;
  %BETWEEN%
  SceCorr-EmoCorr@0
  Output:
  TECH1;



INPUT READING TERMINATED NORMALLY



Null Model -- is multilevel modeling necessary?

SUMMARY OF ANALYSIS

Number of groups                                                 1
Number of observations                                        3888

Number of dependent variables                                    3
Number of independent variables                                  0
Number of continuous latent variables                            0

Observed dependent variables

  Binary and ordered categorical (ordinal)
   SCECORR     COLCORR     EMOCORR

Variables with special functions

  Cluster variable      SUBJECT

Estimator                                                    WLSMV
Optimization Specifications for the Quasi-Newton Algorithm for
Continuous Outcomes
  Maximum number of iterations                                1000
  Convergence criterion                                  0.100D-05
Optimization Specifications for the EM Algorithm
  Maximum number of iterations                                 500
  Convergence criteria
    Loglikelihood change                                 0.100D-02
    Relative loglikelihood change                        0.100D-05
    Derivative                                           0.100D-02
Optimization Specifications for the M step of the EM Algorithm for
Categorical Latent variables
  Number of M step iterations                                    1
  M step convergence criterion                           0.100D-02
  Basis for M step termination                           ITERATION
Optimization Specifications for the M step of the EM Algorithm for
Censored, Binary or Ordered Categorical (Ordinal), Unordered
Categorical (Nominal) and Count Outcomes
  Number of M step iterations                                    1
  M step convergence criterion                           0.100D-02
  Basis for M step termination                           ITERATION
  Maximum value for logit thresholds                            10
  Minimum value for logit thresholds                           -10
  Minimum expected cell size for chi-square              0.100D-01
Optimization algorithm                                          FS
Integration Specifications
  Type                                                    STANDARD
  Number of integration points                                   7
  Dimensions of numerical integration                            2
  Adaptive quadrature                                           ON
Link                                                        PROBIT
Cholesky                                                        ON

Input data file(s)
  tidy_roi_data.dat
Input data format  FREE


SUMMARY OF DATA

     Number of clusters                         28

     Average cluster size      138.857

     Estimated Intraclass Correlations for the Y Variables

                Intraclass              Intraclass              Intraclass
     Variable  Correlation   Variable  Correlation   Variable  Correlation

     SCECORR      0.205      COLCORR      0.135      EMOCORR      0.118



UNIVARIATE PROPORTIONS AND COUNTS FOR CATEGORICAL VARIABLES

    SCECORR
      Category 1    0.325         1262.000
      Category 2    0.675         2626.000
    COLCORR
      Category 1    0.276         1075.000
      Category 2    0.724         2813.000
    EMOCORR
      Category 1    0.242          942.000
      Category 2    0.758         2946.000



THE MODEL ESTIMATION TERMINATED NORMALLY



MODEL FIT INFORMATION

Number of Free Parameters                        6

Chi-Square Test of Model Fit

          Value                             20.882*
          Degrees of Freedom                     6
          P-Value                           0.0019

*   The chi-square value for MLM, MLMV, MLR, ULSMV, WLSM and WLSMV cannot be used
    for chi-square difference testing in the regular way.  MLM, MLR and WLSM
    chi-square difference testing is described on the Mplus website.  MLMV, WLSMV,
    and ULSMV difference testing is done using the DIFFTEST option.

RMSEA (Root Mean Square Error Of Approximation)

          Estimate                           0.025

CFI/TLI

          CFI                                0.958
          TLI                                0.958

Chi-Square Test of Model Fit for the Baseline Model

          Value                            360.016
          Degrees of Freedom                     6
          P-Value                           0.0000

SRMR (Standardized Root Mean Square Residual)

          Value for Within                   0.000
          Value for Between                  0.634



MODEL RESULTS

                                                    Two-Tailed
                    Estimate       S.E.  Est./S.E.    P-Value

Within Level

 SCECORR  WITH
    COLCORR            0.332      0.022     15.175      0.000
    EMOCORR            0.308      0.025     12.071      0.000

 COLCORR  WITH
    EMOCORR            0.235      0.027      8.692      0.000

Between Level

 Thresholds
    SCECORR$1         -0.503      0.107     -4.708      0.000
    COLCORR$1         -0.633      0.077     -8.167      0.000
    EMOCORR$1         -0.738      0.091     -8.143      0.000

 Variances
    SCECORR            0.000      0.000    999.000    999.000
    COLCORR            0.000      0.000    999.000    999.000
    EMOCORR            0.000      0.000    999.000    999.000


QUALITY OF NUMERICAL RESULTS

     Condition Number for the Information Matrix              0.419E-01
       (ratio of smallest to largest eigenvalue)


TECHNICAL 1 OUTPUT


     PARAMETER SPECIFICATION FOR WITHIN


           TAU
              SCECORR$      COLCORR$      EMOCORR$
              ________      ________      ________
                    0             0             0


           NU
              SCECORR       COLCORR       EMOCORR
              ________      ________      ________
                    0             0             0


           THETA
              SCECORR       COLCORR       EMOCORR
              ________      ________      ________
 SCECORR            0
 COLCORR            1             0
 EMOCORR            2             3             0


     PARAMETER SPECIFICATION FOR BETWEEN


           TAU
              SCECORR$      COLCORR$      EMOCORR$
              ________      ________      ________
                    4             5             6


           NU
              SCECORR       COLCORR       EMOCORR
              ________      ________      ________
                    0             0             0


           THETA
              SCECORR       COLCORR       EMOCORR
              ________      ________      ________
 SCECORR            0
 COLCORR            0             0
 EMOCORR            0             0             0


     STARTING VALUES FOR WITHIN


           TAU
              SCECORR$      COLCORR$      EMOCORR$
              ________      ________      ________
                0.000         0.000         0.000


           NU
              SCECORR       COLCORR       EMOCORR
              ________      ________      ________
                0.000         0.000         0.000


           THETA
              SCECORR       COLCORR       EMOCORR
              ________      ________      ________
 SCECORR        1.000
 COLCORR        0.000         1.000
 EMOCORR        0.000         0.000         1.000


     STARTING VALUES FOR BETWEEN


           TAU
              SCECORR$      COLCORR$      EMOCORR$
              ________      ________      ________
               -0.407        -0.534        -0.633


           NU
              SCECORR       COLCORR       EMOCORR
              ________      ________      ________
                0.000         0.000         0.000


           THETA
              SCECORR       COLCORR       EMOCORR
              ________      ________      ________
 SCECORR        0.000
 COLCORR        0.000         0.000
 EMOCORR        0.000         0.000         0.000


     Beginning Time:  12:38:34
        Ending Time:  12:38:49
       Elapsed Time:  00:00:15



MUTHEN & MUTHEN
3463 Stoner Ave.
Los Angeles, CA  90066

Tel: (310) 391-9971
Fax: (310) 391-8971
Web: www.StatModel.com
Support: Support@StatModel.com

Copyright (c) 1998-2018 Muthen & Muthen
