Mplus VERSION 8.2 (Linux)
MUTHEN & MUTHEN
01/13/2022  12:38 PM

INPUT INSTRUCTIONS

  TITLE: Within Measurement Model -- One Latent Factor
  DATA: FILE is tidy_roi_data.dat;
  VARIABLE:
    NAMES are subject pHipp PREC PCC MPFC PHC RSC aAG pAG SceCorr ColCorr EmoCorr;
    USEVARIABLES are subject pHipp PREC PCC MPFC PHC RSC aAG pAG;
    CLUSTER = subject;
  ANALYSIS:
  TYPE = TWOLEVEL;
  ESTIMATOR = MLR;
  MODEL:
  %WITHIN%
  PMN BY pHipp-pAG;
  %BETWEEN%
  pHipp-pAG;
  pHIPP WITH PREC-pAG;
  PREC WITH PCC-pAG;
  PCC WITH MPFC-pAG;
  MPFC WITH PHC-pAG;
  PHC WITH RSC-pAG;
  RSC WITH aAG pAG;
  aAG WITH pAG;
  Output:
  sampstat stdyx;



INPUT READING TERMINATED NORMALLY



Within Measurement Model -- One Latent Factor

SUMMARY OF ANALYSIS

Number of groups                                                 1
Number of observations                                        3888

Number of dependent variables                                    8
Number of independent variables                                  0
Number of continuous latent variables                            1

Observed dependent variables

  Continuous
   PHIPP       PREC        PCC         MPFC        PHC         RSC
   AAG         PAG

Continuous latent variables
   PMN

Variables with special functions

  Cluster variable      SUBJECT

Estimator                                                      MLR
Information matrix                                        OBSERVED
Maximum number of iterations                                   100
Convergence criterion                                    0.100D-05
Maximum number of EM iterations                                500
Convergence criteria for the EM algorithm
  Loglikelihood change                                   0.100D-02
  Relative loglikelihood change                          0.100D-05
  Derivative                                             0.100D-03
Minimum variance                                         0.100D-03
Maximum number of steepest descent iterations                   20
Maximum number of iterations for H1                           2000
Convergence criterion for H1                             0.100D-03
Optimization algorithm                                         EMA

Input data file(s)
  tidy_roi_data.dat
Input data format  FREE


SUMMARY OF DATA

     Number of clusters                         28

     Average cluster size      138.857

     Estimated Intraclass Correlations for the Y Variables

                Intraclass              Intraclass              Intraclass
     Variable  Correlation   Variable  Correlation   Variable  Correlation

     PHIPP        0.021      PREC         0.123      PCC          0.142
     MPFC         0.035      PHC          0.155      RSC          0.138
     AAG          0.184      PAG          0.138



SAMPLE STATISTICS

NOTE:  The sample statistics for within and between refer to the
       maximum-likelihood estimated within and between covariance
       matrices, respectively.


     ESTIMATED SAMPLE STATISTICS FOR WITHIN


           Means
              PHIPP         PREC          PCC           MPFC          PHC
              ________      ________      ________      ________      ________
                0.000         0.000         0.000         0.000         0.000


           Means
              RSC           AAG           PAG
              ________      ________      ________
                0.000         0.000         0.000


           Covariances
              PHIPP         PREC          PCC           MPFC          PHC
              ________      ________      ________      ________      ________
 PHIPP          0.024
 PREC           0.009         0.041
 PCC            0.009         0.018         0.041
 MPFC           0.012         0.016         0.024         0.075
 PHC            0.005         0.008         0.007         0.006         0.028
 RSC            0.004         0.009         0.008         0.008         0.010
 AAG            0.014         0.028         0.031         0.032         0.013
 PAG            0.007         0.018         0.015         0.007         0.018


           Covariances
              RSC           AAG           PAG
              ________      ________      ________
 RSC            0.025
 AAG            0.015         0.102
 PAG            0.016         0.030         0.086


           Correlations
              PHIPP         PREC          PCC           MPFC          PHC
              ________      ________      ________      ________      ________
 PHIPP          1.000
 PREC           0.277         1.000
 PCC            0.285         0.432         1.000
 MPFC           0.293         0.296         0.425         1.000
 PHC            0.201         0.241         0.202         0.135         1.000
 RSC            0.185         0.299         0.259         0.179         0.375
 AAG            0.281         0.435         0.478         0.372         0.246
 PAG            0.162         0.301         0.251         0.087         0.367


           Correlations
              RSC           AAG           PAG
              ________      ________      ________
 RSC            1.000
 AAG            0.301         1.000
 PAG            0.356         0.322         1.000


     ESTIMATED SAMPLE STATISTICS FOR BETWEEN


           Means
              PHIPP         PREC          PCC           MPFC          PHC
              ________      ________      ________      ________      ________
                0.077         0.113         0.143         0.134        -0.029


           Means
              RSC           AAG           PAG
              ________      ________      ________
                0.048         0.189        -0.008


           Covariances
              PHIPP         PREC          PCC           MPFC          PHC
              ________      ________      ________      ________      ________
 PHIPP          0.001
 PREC           0.001         0.006
 PCC            0.001         0.002         0.007
 MPFC           0.000         0.001         0.001         0.003
 PHC            0.000         0.002         0.000        -0.001         0.005
 RSC            0.001         0.002         0.002         0.000         0.000
 AAG            0.001        -0.001         0.001         0.001        -0.006
 PAG           -0.001        -0.001        -0.002        -0.001         0.001


           Covariances
              RSC           AAG           PAG
              ________      ________      ________
 RSC            0.004
 AAG            0.003         0.023
 PAG           -0.001         0.003         0.014


           Correlations
              PHIPP         PREC          PCC           MPFC          PHC
              ________      ________      ________      ________      ________
 PHIPP          1.000
 PREC           0.541         1.000
 PCC            0.385         0.270         1.000
 MPFC           0.025         0.141         0.234         1.000
 PHC           -0.004         0.411        -0.009        -0.322         1.000
 RSC            0.390         0.504         0.433         0.010         0.004
 AAG            0.399        -0.093         0.108         0.150        -0.547
 PAG           -0.247        -0.091        -0.195        -0.209         0.136


           Correlations
              RSC           AAG           PAG
              ________      ________      ________
 RSC            1.000
 AAG            0.273         1.000
 PAG           -0.081         0.143         1.000


UNIVARIATE SAMPLE STATISTICS


     UNIVARIATE HIGHER-ORDER MOMENT DESCRIPTIVE STATISTICS

         Variable/         Mean/     Skewness/   Minimum/ % with                Percentiles
        Sample Size      Variance    Kurtosis    Maximum  Min/Max      20%/60%    40%/80%    Median

     PHIPP                 0.077       0.050      -0.614    0.03%      -0.048      0.041      0.078
            3888.000       0.024       1.110       1.182    0.03%       0.116      0.205
     PREC                  0.116       0.106      -0.923    0.03%      -0.061      0.060      0.111
            3888.000       0.046       0.461       0.971    0.03%       0.160      0.286
     PCC                   0.144       0.266      -0.614    0.03%      -0.037      0.080      0.134
            3888.000       0.048       0.298       1.044    0.03%       0.186      0.321
     MPFC                  0.135       0.079      -1.176    0.03%      -0.087      0.066      0.127
            3888.000       0.078       0.576       1.308    0.03%       0.193      0.361
     PHC                  -0.028      -0.225      -0.763    0.03%      -0.172     -0.065     -0.022
            3888.000       0.033       0.661       1.048    0.03%       0.023      0.121
     RSC                   0.049       0.067      -0.567    0.03%      -0.088      0.008      0.047
            3888.000       0.029       0.510       0.808    0.03%       0.088      0.186
     AAG                   0.188       0.072      -1.346    0.03%      -0.090      0.100      0.182
            3888.000       0.124       0.548       1.648    0.03%       0.264      0.465
     PAG                  -0.007      -0.151      -1.292    0.03%      -0.263     -0.075     -0.002
            3888.000       0.099       0.328       1.232    0.03%       0.075      0.256

     THE STANDARD ERRORS OF THE MODEL PARAMETER ESTIMATES MAY NOT BE
     TRUSTWORTHY FOR SOME PARAMETERS DUE TO A NON-POSITIVE DEFINITE
     FIRST-ORDER DERIVATIVE PRODUCT MATRIX.  THIS MAY BE DUE TO THE STARTING
     VALUES BUT MAY ALSO BE AN INDICATION OF MODEL NONIDENTIFICATION.  THE
     CONDITION NUMBER IS      -0.625D-16.  PROBLEM INVOLVING THE FOLLOWING PARAMETER:
     Parameter 29, %BETWEEN%: PCC WITH PREC

     THE NONIDENTIFICATION IS MOST LIKELY DUE TO HAVING MORE PARAMETERS THAN THE
     NUMBER OF CLUSTERS. REDUCE THE NUMBER OF PARAMETERS.


THE MODEL ESTIMATION TERMINATED NORMALLY



MODEL FIT INFORMATION

Number of Free Parameters                       60

Loglikelihood

          H0 Value                        6352.235
          H0 Scaling Correction Factor      2.4605
            for MLR
          H1 Value                        6768.165
          H1 Scaling Correction Factor      2.5614
            for MLR

Information Criteria

          Akaike (AIC)                  -12584.469
          Bayesian (BIC)                -12208.530
          Sample-Size Adjusted BIC      -12399.182
            (n* = (n + 2) / 24)

Chi-Square Test of Model Fit

          Value                            290.442*
          Degrees of Freedom                    20
          P-Value                           0.0000
          Scaling Correction Factor         2.8641
            for MLR

*   The chi-square value for MLM, MLMV, MLR, ULSMV, WLSM and WLSMV cannot be used
    for chi-square difference testing in the regular way.  MLM, MLR and WLSM
    chi-square difference testing is described on the Mplus website.  MLMV, WLSMV,
    and ULSMV difference testing is done using the DIFFTEST option.

RMSEA (Root Mean Square Error Of Approximation)

          Estimate                           0.059

CFI/TLI

          CFI                                0.905
          TLI                                0.735

Chi-Square Test of Model Fit for the Baseline Model

          Value                           2917.195
          Degrees of Freedom                    56
          P-Value                           0.0000

SRMR (Standardized Root Mean Square Residual)

          Value for Within                   0.063
          Value for Between                  0.005



MODEL RESULTS

                                                    Two-Tailed
                    Estimate       S.E.  Est./S.E.    P-Value

Within Level

 PMN      BY
    PHIPP              1.000      0.000    999.000    999.000
    PREC               1.900      0.126     15.067      0.000
    PCC                1.999      0.162     12.342      0.000
    MPFC               2.053      0.200     10.266      0.000
    PHC                1.048      0.089     11.775      0.000
    RSC                1.131      0.114      9.889      0.000
    AAG                3.273      0.293     11.162      0.000
    PAG                2.032      0.183     11.076      0.000

 Variances
    PMN                0.004      0.001      5.869      0.000

 Residual Variances
    PHIPP              0.019      0.001     25.622      0.000
    PREC               0.025      0.002     13.882      0.000
    PCC                0.023      0.002     13.220      0.000
    MPFC               0.056      0.004     15.018      0.000
    PHC                0.023      0.001     16.609      0.000
    RSC                0.019      0.001     15.625      0.000
    AAG                0.054      0.004     12.530      0.000
    PAG                0.067      0.006     11.091      0.000

Between Level

 PHIPP    WITH
    PREC               0.001      0.000      3.251      0.001
    PCC                0.001      0.001      1.274      0.203
    MPFC               0.000      0.000      0.156      0.876
    PHC                0.000      0.000     -0.012      0.990
    RSC                0.001      0.000      1.816      0.069
    AAG                0.001      0.001      2.243      0.025
    PAG               -0.001      0.000     -1.705      0.088

 PREC     WITH
    PCC                0.002      0.001      1.467      0.142
    MPFC               0.001      0.001      0.641      0.522
    PHC                0.002      0.001      1.886      0.059
    RSC                0.002      0.001      2.489      0.013
    AAG               -0.001      0.003     -0.354      0.724
    PAG               -0.001      0.001     -0.567      0.570

 PCC      WITH
    MPFC               0.001      0.001      1.269      0.204
    PHC                0.000      0.001     -0.067      0.947
    RSC                0.002      0.001      1.619      0.105
    AAG                0.001      0.003      0.462      0.644
    PAG               -0.002      0.001     -1.857      0.063

 MPFC     WITH
    PHC               -0.001      0.001     -1.199      0.231
    RSC                0.000      0.001      0.021      0.983
    AAG                0.001      0.002      0.546      0.585
    PAG               -0.001      0.001     -1.132      0.258

 PHC      WITH
    RSC                0.000      0.001      0.053      0.958
    AAG               -0.006      0.003     -1.776      0.076
    PAG                0.001      0.003      0.471      0.638

 RSC      WITH
    AAG                0.003      0.002      1.229      0.219
    PAG               -0.001      0.001     -0.394      0.693

 AAG      WITH
    PAG                0.003      0.004      0.613      0.540

 Means
    PHIPP              0.077      0.005     15.499      0.000
    PREC               0.113      0.015      7.760      0.000
    PCC                0.143      0.016      8.991      0.000
    MPFC               0.134      0.011     12.297      0.000
    PHC               -0.029      0.014     -2.117      0.034
    RSC                0.048      0.012      3.933      0.000
    AAG                0.189      0.029      6.519      0.000
    PAG               -0.008      0.023     -0.353      0.724

 Variances
    PHIPP              0.001      0.000      3.580      0.000
    PREC               0.006      0.002      3.737      0.000
    PCC                0.007      0.002      3.201      0.001
    MPFC               0.003      0.001      2.925      0.003
    PHC                0.005      0.002      2.429      0.015
    RSC                0.004      0.002      2.302      0.021
    AAG                0.023      0.006      3.896      0.000
    PAG                0.014      0.005      2.966      0.003


STANDARDIZED MODEL RESULTS


STDYX Standardization

                                                    Two-Tailed
                    Estimate       S.E.  Est./S.E.    P-Value

Within Level

 PMN      BY
    PHIPP              0.434      0.028     15.546      0.000
    PREC               0.630      0.031     20.615      0.000
    PCC                0.661      0.022     30.155      0.000
    MPFC               0.501      0.030     16.807      0.000
    PHC                0.420      0.032     13.031      0.000
    RSC                0.481      0.037     12.885      0.000
    AAG                0.687      0.022     31.439      0.000
    PAG                0.464      0.040     11.475      0.000

 Variances
    PMN                1.000      0.000    999.000    999.000

 Residual Variances
    PHIPP              0.812      0.024     33.468      0.000
    PREC               0.603      0.039     15.639      0.000
    PCC                0.563      0.029     19.418      0.000
    MPFC               0.749      0.030     25.011      0.000
    PHC                0.823      0.027     30.383      0.000
    RSC                0.769      0.036     21.418      0.000
    AAG                0.528      0.030     17.574      0.000
    PAG                0.785      0.038     20.924      0.000

Between Level

 PHIPP    WITH
    PREC               0.542      0.133      4.074      0.000
    PCC                0.386      0.232      1.661      0.097
    MPFC               0.043      0.274      0.159      0.874
    PHC               -0.002      0.171     -0.012      0.990
    RSC                0.388      0.143      2.706      0.007
    AAG                0.397      0.145      2.739      0.006
    PAG               -0.252      0.133     -1.902      0.057

 PREC     WITH
    PCC                0.271      0.159      1.701      0.089
    MPFC               0.139      0.208      0.671      0.502
    PHC                0.410      0.140      2.934      0.003
    RSC                0.504      0.115      4.371      0.000
    AAG               -0.092      0.253     -0.366      0.715
    PAG               -0.091      0.158     -0.577      0.564

 PCC      WITH
    MPFC               0.242      0.194      1.247      0.212
    PHC               -0.012      0.182     -0.067      0.947
    RSC                0.431      0.162      2.661      0.008
    AAG                0.109      0.234      0.466      0.641
    PAG               -0.197      0.107     -1.840      0.066

 MPFC     WITH
    PHC               -0.329      0.206     -1.598      0.110
    RSC                0.004      0.168      0.021      0.983
    AAG                0.152      0.264      0.578      0.563
    PAG               -0.224      0.179     -1.251      0.211

 PHC      WITH
    RSC                0.011      0.216      0.053      0.958
    AAG               -0.549      0.166     -3.315      0.001
    PAG                0.143      0.288      0.498      0.619

 RSC      WITH
    AAG                0.272      0.188      1.445      0.149
    PAG               -0.076      0.188     -0.401      0.688

 AAG      WITH
    PAG                0.143      0.238      0.602      0.547

 Means
    PHIPP              3.378      0.490      6.895      0.000
    PREC               1.502      0.230      6.525      0.000
    PCC                1.737      0.214      8.121      0.000
    MPFC               2.554      0.463      5.516      0.000
    PHC               -0.408      0.156     -2.616      0.009
    RSC                0.760      0.192      3.963      0.000
    AAG                1.251      0.212      5.912      0.000
    PAG               -0.068      0.187     -0.365      0.715

 Variances
    PHIPP              1.000      0.000    999.000    999.000
    PREC               1.000      0.000    999.000    999.000
    PCC                1.000      0.000    999.000    999.000
    MPFC               1.000      0.000    999.000    999.000
    PHC                1.000      0.000    999.000    999.000
    RSC                1.000      0.000    999.000    999.000
    AAG                1.000      0.000    999.000    999.000
    PAG                1.000      0.000    999.000    999.000


R-SQUARE

Within Level

    Observed                                        Two-Tailed
    Variable        Estimate       S.E.  Est./S.E.    P-Value

    PHIPP              0.188      0.024      7.773      0.000
    PREC               0.397      0.039     10.307      0.000
    PCC                0.437      0.029     15.078      0.000
    MPFC               0.251      0.030      8.403      0.000
    PHC                0.177      0.027      6.515      0.000
    RSC                0.231      0.036      6.442      0.000
    AAG                0.472      0.030     15.720      0.000
    PAG                0.215      0.038      5.737      0.000

Between Level


QUALITY OF NUMERICAL RESULTS

     Condition Number for the Information Matrix             -0.625E-16
       (ratio of smallest to largest eigenvalue)


TECHNICAL 1 OUTPUT


     PARAMETER SPECIFICATION FOR WITHIN


           NU
              PHIPP         PREC          PCC           MPFC          PHC
              ________      ________      ________      ________      ________
                    0             0             0             0             0


           NU
              RSC           AAG           PAG
              ________      ________      ________
                    0             0             0


           LAMBDA
              PMN
              ________
 PHIPP              0
 PREC               1
 PCC                2
 MPFC               3
 PHC                4
 RSC                5
 AAG                6
 PAG                7


           THETA
              PHIPP         PREC          PCC           MPFC          PHC
              ________      ________      ________      ________      ________
 PHIPP              8
 PREC               0             9
 PCC                0             0            10
 MPFC               0             0             0            11
 PHC                0             0             0             0            12
 RSC                0             0             0             0             0
 AAG                0             0             0             0             0
 PAG                0             0             0             0             0


           THETA
              RSC           AAG           PAG
              ________      ________      ________
 RSC               13
 AAG                0            14
 PAG                0             0            15


           ALPHA
              PMN
              ________
                    0


           BETA
              PMN
              ________
 PMN                0


           PSI
              PMN
              ________
 PMN               16


     PARAMETER SPECIFICATION FOR BETWEEN


           NU
              PHIPP         PREC          PCC           MPFC          PHC
              ________      ________      ________      ________      ________
                   17            18            19            20            21


           NU
              RSC           AAG           PAG
              ________      ________      ________
                   22            23            24


           THETA
              PHIPP         PREC          PCC           MPFC          PHC
              ________      ________      ________      ________      ________
 PHIPP             25
 PREC              26            27
 PCC               28            29            30
 MPFC              31            32            33            34
 PHC               35            36            37            38            39
 RSC               40            41            42            43            44
 AAG               46            47            48            49            50
 PAG               53            54            55            56            57


           THETA
              RSC           AAG           PAG
              ________      ________      ________
 RSC               45
 AAG               51            52
 PAG               58            59            60


     STARTING VALUES FOR WITHIN


           NU
              PHIPP         PREC          PCC           MPFC          PHC
              ________      ________      ________      ________      ________
                0.000         0.000         0.000         0.000         0.000


           NU
              RSC           AAG           PAG
              ________      ________      ________
                0.000         0.000         0.000


           LAMBDA
              PMN
              ________
 PHIPP          1.000
 PREC           1.000
 PCC            1.000
 MPFC           1.000
 PHC            1.000
 RSC            1.000
 AAG            1.000
 PAG            1.000


           THETA
              PHIPP         PREC          PCC           MPFC          PHC
              ________      ________      ________      ________      ________
 PHIPP          0.012
 PREC           0.000         0.023
 PCC            0.000         0.000         0.024
 MPFC           0.000         0.000         0.000         0.039
 PHC            0.000         0.000         0.000         0.000         0.016
 RSC            0.000         0.000         0.000         0.000         0.000
 AAG            0.000         0.000         0.000         0.000         0.000
 PAG            0.000         0.000         0.000         0.000         0.000


           THETA
              RSC           AAG           PAG
              ________      ________      ________
 RSC            0.014
 AAG            0.000         0.062
 PAG            0.000         0.000         0.050


           ALPHA
              PMN
              ________
                0.000


           BETA
              PMN
              ________
 PMN            0.000


           PSI
              PMN
              ________
 PMN            0.050


     STARTING VALUES FOR BETWEEN


           NU
              PHIPP         PREC          PCC           MPFC          PHC
              ________      ________      ________      ________      ________
                0.077         0.116         0.144         0.135        -0.028


           NU
              RSC           AAG           PAG
              ________      ________      ________
                0.049         0.188        -0.007


           THETA
              PHIPP         PREC          PCC           MPFC          PHC
              ________      ________      ________      ________      ________
 PHIPP          0.012
 PREC           0.000         0.023
 PCC            0.000         0.000         0.024
 MPFC           0.000         0.000         0.000         0.039
 PHC            0.000         0.000         0.000         0.000         0.016
 RSC            0.000         0.000         0.000         0.000         0.000
 AAG            0.000         0.000         0.000         0.000         0.000
 PAG            0.000         0.000         0.000         0.000         0.000


           THETA
              RSC           AAG           PAG
              ________      ________      ________
 RSC            0.014
 AAG            0.000         0.062
 PAG            0.000         0.000         0.050


     Beginning Time:  12:38:49
        Ending Time:  12:38:49
       Elapsed Time:  00:00:00



MUTHEN & MUTHEN
3463 Stoner Ave.
Los Angeles, CA  90066

Tel: (310) 391-9971
Fax: (310) 391-8971
Web: www.StatModel.com
Support: Support@StatModel.com

Copyright (c) 1998-2018 Muthen & Muthen
