Mplus VERSION 8.2 (Linux)
MUTHEN & MUTHEN
01/13/2022  12:38 PM

INPUT INSTRUCTIONS

  TITLE: Within Measurement Model -- Bifactor Model
  DATA: FILE is tidy_roi_data.dat;
  VARIABLE:
    NAMES are subject pHipp PREC PCC MPFC PHC RSC aAG pAG SceCorr ColCorr EmoCorr;
    USEVARIABLES are subject pHipp PREC PCC MPFC PHC RSC aAG pAG;
    CLUSTER = subject;
  ANALYSIS:
  TYPE = TWOLEVEL;
  ESTIMATOR = MLR;
  MODEL:
  %WITHIN%
  vPMN BY RSC PHC pAG;
  dPMN BY MPFC pHIPP PREC PCC aAG;
  %BETWEEN%
  pHipp-pAG;
  pHipp WITH pHipp-pAG;
  PREC WITH pHipp-pAG;
  PCC WITH pHipp-pAG;
  MPFC WITH pHipp-pAG;
  PHC WITH pHipp-pAG;
  RSC WITH pHipp-pAG;
  aAG WITH pHipp-pAG;
  pAG WITH pHipp-pAG;
  Output:
  stdyx modindices;



INPUT READING TERMINATED NORMALLY



Within Measurement Model -- Bifactor Model

SUMMARY OF ANALYSIS

Number of groups                                                 1
Number of observations                                        3888

Number of dependent variables                                    8
Number of independent variables                                  0
Number of continuous latent variables                            2

Observed dependent variables

  Continuous
   PHIPP       PREC        PCC         MPFC        PHC         RSC
   AAG         PAG

Continuous latent variables
   VPMN        DPMN

Variables with special functions

  Cluster variable      SUBJECT

Estimator                                                      MLR
Information matrix                                        OBSERVED
Maximum number of iterations                                   100
Convergence criterion                                    0.100D-05
Maximum number of EM iterations                                500
Convergence criteria for the EM algorithm
  Loglikelihood change                                   0.100D-02
  Relative loglikelihood change                          0.100D-05
  Derivative                                             0.100D-03
Minimum variance                                         0.100D-03
Maximum number of steepest descent iterations                   20
Maximum number of iterations for H1                           2000
Convergence criterion for H1                             0.100D-03
Optimization algorithm                                         EMA

Input data file(s)
  tidy_roi_data.dat
Input data format  FREE


SUMMARY OF DATA

     Number of clusters                         28

     Average cluster size      138.857

     Estimated Intraclass Correlations for the Y Variables

                Intraclass              Intraclass              Intraclass
     Variable  Correlation   Variable  Correlation   Variable  Correlation

     PHIPP        0.021      PREC         0.123      PCC          0.142
     MPFC         0.035      PHC          0.155      RSC          0.138
     AAG          0.184      PAG          0.138




UNIVARIATE SAMPLE STATISTICS


     UNIVARIATE HIGHER-ORDER MOMENT DESCRIPTIVE STATISTICS

         Variable/         Mean/     Skewness/   Minimum/ % with                Percentiles
        Sample Size      Variance    Kurtosis    Maximum  Min/Max      20%/60%    40%/80%    Median

     PHIPP                 0.077       0.050      -0.614    0.03%      -0.048      0.041      0.078
            3888.000       0.024       1.110       1.182    0.03%       0.116      0.205
     PREC                  0.116       0.106      -0.923    0.03%      -0.061      0.060      0.111
            3888.000       0.046       0.461       0.971    0.03%       0.160      0.286
     PCC                   0.144       0.266      -0.614    0.03%      -0.037      0.080      0.134
            3888.000       0.048       0.298       1.044    0.03%       0.186      0.321
     MPFC                  0.135       0.079      -1.176    0.03%      -0.087      0.066      0.127
            3888.000       0.078       0.576       1.308    0.03%       0.193      0.361
     PHC                  -0.028      -0.225      -0.763    0.03%      -0.172     -0.065     -0.022
            3888.000       0.033       0.661       1.048    0.03%       0.023      0.121
     RSC                   0.049       0.067      -0.567    0.03%      -0.088      0.008      0.047
            3888.000       0.029       0.510       0.808    0.03%       0.088      0.186
     AAG                   0.188       0.072      -1.346    0.03%      -0.090      0.100      0.182
            3888.000       0.124       0.548       1.648    0.03%       0.264      0.465
     PAG                  -0.007      -0.151      -1.292    0.03%      -0.263     -0.075     -0.002
            3888.000       0.099       0.328       1.232    0.03%       0.075      0.256

     THE STANDARD ERRORS OF THE MODEL PARAMETER ESTIMATES MAY NOT BE
     TRUSTWORTHY FOR SOME PARAMETERS DUE TO A NON-POSITIVE DEFINITE
     FIRST-ORDER DERIVATIVE PRODUCT MATRIX.  THIS MAY BE DUE TO THE STARTING
     VALUES BUT MAY ALSO BE AN INDICATION OF MODEL NONIDENTIFICATION.  THE
     CONDITION NUMBER IS      -0.775D-17.  PROBLEM INVOLVING THE FOLLOWING PARAMETER:
     Parameter 30, %BETWEEN%: PCC WITH PREC

     THE NONIDENTIFICATION IS MOST LIKELY DUE TO HAVING MORE PARAMETERS THAN THE
     NUMBER OF CLUSTERS. REDUCE THE NUMBER OF PARAMETERS.


THE MODEL ESTIMATION TERMINATED NORMALLY



MODEL FIT INFORMATION

Number of Free Parameters                       61

Loglikelihood

          H0 Value                        6633.671
          H0 Scaling Correction Factor      2.4292
            for MLR
          H1 Value                        6768.165
          H1 Scaling Correction Factor      2.5614
            for MLR

Information Criteria

          Akaike (AIC)                  -13145.343
          Bayesian (BIC)                -12763.138
          Sample-Size Adjusted BIC      -12956.968
            (n* = (n + 2) / 24)

Chi-Square Test of Model Fit

          Value                             90.096*
          Degrees of Freedom                    19
          P-Value                           0.0000
          Scaling Correction Factor         2.9856
            for MLR

*   The chi-square value for MLM, MLMV, MLR, ULSMV, WLSM and WLSMV cannot be used
    for chi-square difference testing in the regular way.  MLM, MLR and WLSM
    chi-square difference testing is described on the Mplus website.  MLMV, WLSMV,
    and ULSMV difference testing is done using the DIFFTEST option.

RMSEA (Root Mean Square Error Of Approximation)

          Estimate                           0.031

CFI/TLI

          CFI                                0.975
          TLI                                0.927

Chi-Square Test of Model Fit for the Baseline Model

          Value                           2917.195
          Degrees of Freedom                    56
          P-Value                           0.0000

SRMR (Standardized Root Mean Square Residual)

          Value for Within                   0.035
          Value for Between                  0.003



MODEL RESULTS

                                                    Two-Tailed
                    Estimate       S.E.  Est./S.E.    P-Value

Within Level

 VPMN     BY
    RSC                1.000      0.000    999.000    999.000
    PHC                0.994      0.072     13.764      0.000
    PAG                1.794      0.139     12.878      0.000

 DPMN     BY
    MPFC               1.000      0.000    999.000    999.000
    PHIPP              0.462      0.045     10.370      0.000
    PREC               0.865      0.086     10.010      0.000
    PCC                0.955      0.071     13.464      0.000
    AAG                1.515      0.114     13.292      0.000

 DPMN     WITH
    VPMN               0.009      0.001      7.482      0.000

 Variances
    VPMN               0.010      0.001      7.440      0.000
    DPMN               0.021      0.003      6.758      0.000

 Residual Variances
    PHIPP              0.019      0.001     25.395      0.000
    PREC               0.025      0.002     14.627      0.000
    PCC                0.021      0.001     14.887      0.000
    MPFC               0.054      0.004     14.537      0.000
    PHC                0.018      0.001     18.633      0.000
    RSC                0.015      0.001     14.226      0.000
    AAG                0.052      0.004     11.700      0.000
    PAG                0.055      0.005     10.024      0.000

Between Level

 PHIPP    WITH
    PREC               0.001      0.000      3.255      0.001
    PCC                0.001      0.001      1.266      0.205
    MPFC               0.000      0.000      0.141      0.888
    PHC                0.000      0.000      0.002      0.998
    RSC                0.001      0.000      1.834      0.067
    AAG                0.001      0.001      2.237      0.025
    PAG               -0.001      0.000     -1.674      0.094

 PREC     WITH
    PCC                0.002      0.001      1.464      0.143
    MPFC               0.001      0.001      0.633      0.527
    PHC                0.002      0.001      1.892      0.058
    RSC                0.002      0.001      2.501      0.012
    AAG               -0.001      0.003     -0.355      0.723
    PAG               -0.001      0.001     -0.551      0.582

 PCC      WITH
    MPFC               0.001      0.001      1.252      0.211
    PHC                0.000      0.001     -0.062      0.951
    RSC                0.002      0.001      1.625      0.104
    AAG                0.001      0.003      0.457      0.648
    PAG               -0.002      0.001     -1.837      0.066

 MPFC     WITH
    PHC               -0.001      0.001     -1.195      0.232
    RSC                0.000      0.001      0.039      0.969
    AAG                0.001      0.002      0.538      0.591
    PAG               -0.001      0.001     -1.117      0.264

 PHC      WITH
    RSC                0.000      0.001      0.018      0.985
    AAG               -0.006      0.003     -1.772      0.076
    PAG                0.001      0.003      0.450      0.653

 RSC      WITH
    AAG                0.003      0.002      1.239      0.215
    PAG               -0.001      0.001     -0.430      0.667

 AAG      WITH
    PAG                0.003      0.004      0.624      0.533

 Means
    PHIPP              0.077      0.005     15.498      0.000
    PREC               0.113      0.015      7.759      0.000
    PCC                0.143      0.016      8.991      0.000
    MPFC               0.134      0.011     12.296      0.000
    PHC               -0.029      0.014     -2.116      0.034
    RSC                0.048      0.012      3.933      0.000
    AAG                0.189      0.029      6.519      0.000
    PAG               -0.008      0.023     -0.354      0.723

 Variances
    PHIPP              0.001      0.000      3.580      0.000
    PREC               0.006      0.002      3.737      0.000
    PCC                0.007      0.002      3.201      0.001
    MPFC               0.003      0.001      2.925      0.003
    PHC                0.005      0.002      2.428      0.015
    RSC                0.004      0.002      2.303      0.021
    AAG                0.023      0.006      3.896      0.000
    PAG                0.014      0.005      2.969      0.003


STANDARDIZED MODEL RESULTS


STDYX Standardization

                                                    Two-Tailed
                    Estimate       S.E.  Est./S.E.    P-Value

Within Level

 VPMN     BY
    RSC                0.625      0.028     22.314      0.000
    PHC                0.586      0.026     22.795      0.000
    PAG                0.602      0.030     20.110      0.000

 DPMN     BY
    MPFC               0.535      0.030     17.867      0.000
    PHIPP              0.439      0.028     15.712      0.000
    PREC               0.629      0.031     20.445      0.000
    PCC                0.692      0.018     39.253      0.000
    AAG                0.696      0.023     30.436      0.000

 DPMN     WITH
    VPMN               0.630      0.049     12.962      0.000

 Variances
    VPMN               1.000      0.000    999.000    999.000
    DPMN               1.000      0.000    999.000    999.000

 Residual Variances
    PHIPP              0.807      0.025     32.944      0.000
    PREC               0.605      0.039     15.632      0.000
    PCC                0.521      0.024     21.346      0.000
    MPFC               0.714      0.032     22.293      0.000
    PHC                0.656      0.030     21.757      0.000
    RSC                0.609      0.035     17.380      0.000
    AAG                0.515      0.032     16.174      0.000
    PAG                0.637      0.036     17.664      0.000

Between Level

 PHIPP    WITH
    PREC               0.542      0.133      4.080      0.000
    PCC                0.384      0.233      1.649      0.099
    MPFC               0.039      0.274      0.143      0.886
    PHC                0.000      0.171      0.002      0.998
    RSC                0.392      0.143      2.740      0.006
    AAG                0.396      0.145      2.731      0.006
    PAG               -0.248      0.133     -1.867      0.062

 PREC     WITH
    PCC                0.270      0.159      1.696      0.090
    MPFC               0.137      0.207      0.662      0.508
    PHC                0.412      0.140      2.949      0.003
    RSC                0.507      0.115      4.404      0.000
    AAG               -0.093      0.253     -0.367      0.714
    PAG               -0.088      0.158     -0.560      0.575

 PCC      WITH
    MPFC               0.239      0.194      1.232      0.218
    PHC               -0.011      0.183     -0.062      0.950
    RSC                0.433      0.162      2.677      0.007
    AAG                0.108      0.234      0.461      0.645
    PAG               -0.195      0.107     -1.822      0.068

 MPFC     WITH
    PHC               -0.328      0.206     -1.592      0.111
    RSC                0.007      0.168      0.039      0.969
    AAG                0.150      0.264      0.568      0.570
    PAG               -0.221      0.179     -1.234      0.217

 PHC      WITH
    RSC                0.004      0.215      0.018      0.985
    AAG               -0.547      0.166     -3.303      0.001
    PAG                0.137      0.288      0.474      0.635

 RSC      WITH
    AAG                0.274      0.188      1.458      0.145
    PAG               -0.082      0.188     -0.438      0.661

 AAG      WITH
    PAG                0.146      0.238      0.612      0.540

 Means
    PHIPP              3.378      0.490      6.894      0.000
    PREC               1.502      0.230      6.525      0.000
    PCC                1.737      0.214      8.120      0.000
    MPFC               2.553      0.463      5.516      0.000
    PHC               -0.408      0.156     -2.615      0.009
    RSC                0.760      0.192      3.964      0.000
    AAG                1.252      0.212      5.912      0.000
    PAG               -0.068      0.187     -0.365      0.715

 Variances
    PHIPP              1.000      0.000    999.000    999.000
    PREC               1.000      0.000    999.000    999.000
    PCC                1.000      0.000    999.000    999.000
    MPFC               1.000      0.000    999.000    999.000
    PHC                1.000      0.000    999.000    999.000
    RSC                1.000      0.000    999.000    999.000
    AAG                1.000      0.000    999.000    999.000
    PAG                1.000      0.000    999.000    999.000


R-SQUARE

Within Level

    Observed                                        Two-Tailed
    Variable        Estimate       S.E.  Est./S.E.    P-Value

    PHIPP              0.193      0.025      7.856      0.000
    PREC               0.395      0.039     10.223      0.000
    PCC                0.479      0.024     19.626      0.000
    MPFC               0.286      0.032      8.933      0.000
    PHC                0.344      0.030     11.397      0.000
    RSC                0.391      0.035     11.157      0.000
    AAG                0.485      0.032     15.218      0.000
    PAG                0.363      0.036     10.055      0.000

Between Level


QUALITY OF NUMERICAL RESULTS

     Condition Number for the Information Matrix             -0.775E-17
       (ratio of smallest to largest eigenvalue)


MODEL MODIFICATION INDICES

NOTE:  Modification indices for direct effects of observed dependent variables
regressed on covariates may not be included.  To include these, request
MODINDICES (ALL).

Minimum M.I. value for printing the modification index    10.000

                                   M.I.     E.P.C.  Std E.P.C.  StdYX E.P.C.

Within Level

BY Statements

VPMN     BY PREC                  12.990     0.352      0.035        0.172
VPMN     BY MPFC                  26.328    -0.694     -0.068       -0.249

WITH Statements

MPFC     WITH PCC                 19.152     0.006      0.006        0.165
PAG      WITH MPFC                28.557    -0.009     -0.009       -0.175
PAG      WITH AAG                 10.129     0.006      0.006        0.114

Between Level


TECHNICAL 1 OUTPUT


     PARAMETER SPECIFICATION FOR WITHIN


           NU
              PHIPP         PREC          PCC           MPFC          PHC
              ________      ________      ________      ________      ________
                    0             0             0             0             0


           NU
              RSC           AAG           PAG
              ________      ________      ________
                    0             0             0


           LAMBDA
              VPMN          DPMN
              ________      ________
 PHIPP              0             1
 PREC               0             2
 PCC                0             3
 MPFC               0             0
 PHC                4             0
 RSC                0             0
 AAG                0             5
 PAG                6             0


           THETA
              PHIPP         PREC          PCC           MPFC          PHC
              ________      ________      ________      ________      ________
 PHIPP              7
 PREC               0             8
 PCC                0             0             9
 MPFC               0             0             0            10
 PHC                0             0             0             0            11
 RSC                0             0             0             0             0
 AAG                0             0             0             0             0
 PAG                0             0             0             0             0


           THETA
              RSC           AAG           PAG
              ________      ________      ________
 RSC               12
 AAG                0            13
 PAG                0             0            14


           ALPHA
              VPMN          DPMN
              ________      ________
                    0             0


           BETA
              VPMN          DPMN
              ________      ________
 VPMN               0             0
 DPMN               0             0


           PSI
              VPMN          DPMN
              ________      ________
 VPMN              15
 DPMN              16            17


     PARAMETER SPECIFICATION FOR BETWEEN


           NU
              PHIPP         PREC          PCC           MPFC          PHC
              ________      ________      ________      ________      ________
                   18            19            20            21            22


           NU
              RSC           AAG           PAG
              ________      ________      ________
                   23            24            25


           THETA
              PHIPP         PREC          PCC           MPFC          PHC
              ________      ________      ________      ________      ________
 PHIPP             26
 PREC              27            28
 PCC               29            30            31
 MPFC              32            33            34            35
 PHC               36            37            38            39            40
 RSC               41            42            43            44            45
 AAG               47            48            49            50            51
 PAG               54            55            56            57            58


           THETA
              RSC           AAG           PAG
              ________      ________      ________
 RSC               46
 AAG               52            53
 PAG               59            60            61


     STARTING VALUES FOR WITHIN


           NU
              PHIPP         PREC          PCC           MPFC          PHC
              ________      ________      ________      ________      ________
                0.000         0.000         0.000         0.000         0.000


           NU
              RSC           AAG           PAG
              ________      ________      ________
                0.000         0.000         0.000


           LAMBDA
              VPMN          DPMN
              ________      ________
 PHIPP          0.000         1.000
 PREC           0.000         1.000
 PCC            0.000         1.000
 MPFC           0.000         1.000
 PHC            1.000         0.000
 RSC            1.000         0.000
 AAG            0.000         1.000
 PAG            1.000         0.000


           THETA
              PHIPP         PREC          PCC           MPFC          PHC
              ________      ________      ________      ________      ________
 PHIPP          0.012
 PREC           0.000         0.023
 PCC            0.000         0.000         0.024
 MPFC           0.000         0.000         0.000         0.039
 PHC            0.000         0.000         0.000         0.000         0.016
 RSC            0.000         0.000         0.000         0.000         0.000
 AAG            0.000         0.000         0.000         0.000         0.000
 PAG            0.000         0.000         0.000         0.000         0.000


           THETA
              RSC           AAG           PAG
              ________      ________      ________
 RSC            0.014
 AAG            0.000         0.062
 PAG            0.000         0.000         0.050


           ALPHA
              VPMN          DPMN
              ________      ________
                0.000         0.000


           BETA
              VPMN          DPMN
              ________      ________
 VPMN           0.000         0.000
 DPMN           0.000         0.000


           PSI
              VPMN          DPMN
              ________      ________
 VPMN           0.050
 DPMN           0.000         0.050


     STARTING VALUES FOR BETWEEN


           NU
              PHIPP         PREC          PCC           MPFC          PHC
              ________      ________      ________      ________      ________
                0.077         0.116         0.144         0.135        -0.028


           NU
              RSC           AAG           PAG
              ________      ________      ________
                0.049         0.188        -0.007


           THETA
              PHIPP         PREC          PCC           MPFC          PHC
              ________      ________      ________      ________      ________
 PHIPP          0.012
 PREC           0.000         0.023
 PCC            0.000         0.000         0.024
 MPFC           0.000         0.000         0.000         0.039
 PHC            0.000         0.000         0.000         0.000         0.016
 RSC            0.000         0.000         0.000         0.000         0.000
 AAG            0.000         0.000         0.000         0.000         0.000
 PAG            0.000         0.000         0.000         0.000         0.000


           THETA
              RSC           AAG           PAG
              ________      ________      ________
 RSC            0.014
 AAG            0.000         0.062
 PAG            0.000         0.000         0.050


     Beginning Time:  12:38:49
        Ending Time:  12:38:50
       Elapsed Time:  00:00:01



MUTHEN & MUTHEN
3463 Stoner Ave.
Los Angeles, CA  90066

Tel: (310) 391-9971
Fax: (310) 391-8971
Web: www.StatModel.com
Support: Support@StatModel.com

Copyright (c) 1998-2018 Muthen & Muthen
